=== tcp-client-6f6d79978b-2zwjx ===
[11:55:56] sending=130.76 Mb/s  conns=4
[11:55:58] sending=66.10 Mb/s  conns=4
[11:56:00] sending=67.91 Mb/s  conns=4
[11:56:02] sending=61.88 Mb/s  conns=4
[11:56:04] sending=62.18 Mb/s  conns=4
[11:56:06] sending=62.09 Mb/s  conns=4
[11:56:08] sending=52.59 Mb/s  conns=4
[11:56:10] sending=48.93 Mb/s  conns=4
[11:56:12] sending=48.80 Mb/s  conns=4
[11:56:14] sending=43.91 Mb/s  conns=4

=== tcp-client-6f6d79978b-4xg4t ===
[11:55:58] sending=59.58 Mb/s  conns=4
[11:56:00] sending=52.78 Mb/s  conns=4
[11:56:02] sending=65.63 Mb/s  conns=4
[11:56:04] sending=46.81 Mb/s  conns=4
[11:56:06] sending=61.75 Mb/s  conns=4
[11:56:08] sending=52.55 Mb/s  conns=4
[11:56:10] sending=57.24 Mb/s  conns=4
[11:56:12] sending=56.04 Mb/s  conns=4
[11:56:14] sending=53.90 Mb/s  conns=4
[11:56:16] sending=54.92 Mb/s  conns=4

=== tcp-client-6f6d79978b-5dbzp ===
[11:55:57] sending=68.97 Mb/s  conns=4
[11:55:59] sending=65.69 Mb/s  conns=4
[11:56:01] sending=73.38 Mb/s  conns=4
[11:56:03] sending=71.21 Mb/s  conns=4
[11:56:05] sending=46.60 Mb/s  conns=4
[11:56:07] sending=63.23 Mb/s  conns=4
[11:56:09] sending=59.62 Mb/s  conns=4
[11:56:11] sending=89.55 Mb/s  conns=4
[11:56:13] sending=77.04 Mb/s  conns=4
[11:56:15] sending=54.70 Mb/s  conns=4

=== tcp-client-6f6d79978b-5hdlg ===
[11:56:00] sending=112.54 Mb/s  conns=4
[11:56:02] sending=95.55 Mb/s  conns=4
[11:56:04] sending=88.09 Mb/s  conns=4
[11:56:06] sending=99.28 Mb/s  conns=4
[11:56:08] sending=48.82 Mb/s  conns=4
[11:56:10] sending=109.13 Mb/s  conns=4
[11:56:12] sending=59.92 Mb/s  conns=4
[11:56:14] sending=54.76 Mb/s  conns=4
[11:56:16] sending=67.49 Mb/s  conns=4
[11:56:18] sending=88.01 Mb/s  conns=4

=== tcp-client-6f6d79978b-6t9fg ===
[11:55:59] sending=39.30 Mb/s  conns=4
[11:56:01] sending=47.93 Mb/s  conns=4
[11:56:03] sending=50.17 Mb/s  conns=4
[11:56:05] sending=41.58 Mb/s  conns=4
[11:56:07] sending=46.45 Mb/s  conns=4
[11:56:09] sending=54.68 Mb/s  conns=4
[11:56:11] sending=61.71 Mb/s  conns=4
[11:56:13] sending=112.80 Mb/s  conns=4
[11:56:15] sending=111.06 Mb/s  conns=4
[11:56:17] sending=164.50 Mb/s  conns=4

=== tcp-client-6f6d79978b-758j6 ===
[11:56:01] sending=67.69 Mb/s  conns=4
[11:56:03] sending=68.44 Mb/s  conns=4
[11:56:05] sending=55.51 Mb/s  conns=4
[11:56:07] sending=75.20 Mb/s  conns=4
[11:56:09] sending=84.28 Mb/s  conns=4
[11:56:11] sending=69.71 Mb/s  conns=4
[11:56:13] sending=52.08 Mb/s  conns=4
[11:56:15] sending=40.89 Mb/s  conns=4
[11:56:17] sending=55.63 Mb/s  conns=4
[11:56:19] sending=65.17 Mb/s  conns=4

=== tcp-client-6f6d79978b-7brsh ===
[11:56:02] sending=43.04 Mb/s  conns=4
[11:56:04] sending=54.38 Mb/s  conns=4
[11:56:06] sending=60.36 Mb/s  conns=4
[11:56:08] sending=54.45 Mb/s  conns=4
[11:56:10] sending=59.53 Mb/s  conns=4
[11:56:12] sending=63.87 Mb/s  conns=4
[11:56:14] sending=71.45 Mb/s  conns=4
[11:56:16] sending=89.31 Mb/s  conns=4
[11:56:18] sending=102.64 Mb/s  conns=4
[11:56:20] sending=84.68 Mb/s  conns=4

=== tcp-client-6f6d79978b-7m9rt ===
[11:56:02] sending=57.04 Mb/s  conns=4
[11:56:04] sending=40.64 Mb/s  conns=4
[11:56:06] sending=91.04 Mb/s  conns=4
[11:56:08] sending=85.94 Mb/s  conns=4
[11:56:10] sending=43.92 Mb/s  conns=4
[11:56:12] sending=101.89 Mb/s  conns=4
[11:56:14] sending=38.09 Mb/s  conns=4
[11:56:16] sending=100.06 Mb/s  conns=4
[11:56:18] sending=51.32 Mb/s  conns=4
[11:56:20] sending=57.57 Mb/s  conns=4

=== tcp-client-6f6d79978b-8hcd8 ===
[11:56:03] sending=91.31 Mb/s  conns=4
[11:56:05] sending=85.82 Mb/s  conns=4
[11:56:07] sending=81.88 Mb/s  conns=4
[11:56:09] sending=61.55 Mb/s  conns=4
[11:56:11] sending=70.84 Mb/s  conns=4
[11:56:13] sending=84.13 Mb/s  conns=4
[11:56:15] sending=66.39 Mb/s  conns=4
[11:56:17] sending=53.56 Mb/s  conns=4
[11:56:19] sending=49.19 Mb/s  conns=4
[11:56:21] sending=106.34 Mb/s  conns=4

=== tcp-client-6f6d79978b-bbbzf ===
[11:56:05] sending=44.26 Mb/s  conns=4
[11:56:07] sending=52.35 Mb/s  conns=4
[11:56:09] sending=42.48 Mb/s  conns=4
[11:56:11] sending=52.69 Mb/s  conns=4
[11:56:13] sending=51.08 Mb/s  conns=4
[11:56:15] sending=56.03 Mb/s  conns=4
[11:56:17] sending=38.45 Mb/s  conns=4
[11:56:19] sending=53.24 Mb/s  conns=4
[11:56:21] sending=77.66 Mb/s  conns=4
[11:56:23] sending=73.21 Mb/s  conns=4

=== tcp-client-6f6d79978b-bgvpm ===
[11:56:04] sending=44.83 Mb/s  conns=4
[11:56:06] sending=47.63 Mb/s  conns=4
[11:56:08] sending=86.32 Mb/s  conns=4
[11:56:10] sending=83.91 Mb/s  conns=4
[11:56:12] sending=58.00 Mb/s  conns=4
[11:56:14] sending=73.96 Mb/s  conns=4
[11:56:16] sending=78.33 Mb/s  conns=4
[11:56:18] sending=51.87 Mb/s  conns=4
[11:56:20] sending=68.58 Mb/s  conns=4
[11:56:22] sending=80.91 Mb/s  conns=4

=== tcp-client-6f6d79978b-bmj46 ===
[11:56:06] sending=64.61 Mb/s  conns=4
[11:56:08] sending=52.24 Mb/s  conns=4
[11:56:10] sending=58.90 Mb/s  conns=4
[11:56:12] sending=42.18 Mb/s  conns=4
[11:56:14] sending=53.24 Mb/s  conns=4
[11:56:16] sending=79.56 Mb/s  conns=4
[11:56:18] sending=65.23 Mb/s  conns=4
[11:56:20] sending=86.44 Mb/s  conns=4
[11:56:22] sending=74.24 Mb/s  conns=4
[11:56:24] sending=102.07 Mb/s  conns=4

=== tcp-client-6f6d79978b-d6dk4 ===
[11:56:07] sending=85.19 Mb/s  conns=4
[11:56:09] sending=87.34 Mb/s  conns=4
[11:56:11] sending=79.29 Mb/s  conns=4
[11:56:13] sending=39.43 Mb/s  conns=4
[11:56:15] sending=49.72 Mb/s  conns=4
[11:56:17] sending=84.02 Mb/s  conns=4
[11:56:19] sending=75.01 Mb/s  conns=4
[11:56:21] sending=66.54 Mb/s  conns=4
[11:56:23] sending=62.18 Mb/s  conns=4
[11:56:25] sending=87.38 Mb/s  conns=4

=== tcp-client-6f6d79978b-df4cn ===
[11:56:08] sending=34.12 Mb/s  conns=4
[11:56:10] sending=32.87 Mb/s  conns=4
[11:56:12] sending=37.87 Mb/s  conns=4
[11:56:14] sending=53.72 Mb/s  conns=4
[11:56:16] sending=72.37 Mb/s  conns=4
[11:56:18] sending=118.99 Mb/s  conns=4
[11:56:20] sending=87.95 Mb/s  conns=4
[11:56:22] sending=96.68 Mb/s  conns=4
[11:56:24] sending=81.66 Mb/s  conns=4
[11:56:26] sending=47.23 Mb/s  conns=4

=== tcp-client-6f6d79978b-dpnzl ===
[11:56:09] sending=50.38 Mb/s  conns=4
[11:56:11] sending=31.26 Mb/s  conns=4
[11:56:13] sending=51.44 Mb/s  conns=4
[11:56:15] sending=71.80 Mb/s  conns=4
[11:56:17] sending=69.64 Mb/s  conns=4
[11:56:19] sending=69.93 Mb/s  conns=4
[11:56:21] sending=88.33 Mb/s  conns=4
[11:56:23] sending=95.06 Mb/s  conns=4
[11:56:25] sending=98.26 Mb/s  conns=4
[11:56:27] sending=78.19 Mb/s  conns=4

=== tcp-client-6f6d79978b-fvh6f ===
[11:56:09] sending=28.39 Mb/s  conns=4
[11:56:11] sending=27.21 Mb/s  conns=4
[11:56:13] sending=30.95 Mb/s  conns=4
[11:56:14] sending=31.31 Mb/s  conns=4
[11:56:17] sending=41.96 Mb/s  conns=4
[11:56:19] sending=32.85 Mb/s  conns=4
[11:56:20] sending=36.03 Mb/s  conns=4
[11:56:23] sending=27.75 Mb/s  conns=4
[11:56:25] sending=30.33 Mb/s  conns=4
[11:56:27] sending=28.78 Mb/s  conns=4

=== tcp-client-6f6d79978b-g4n49 ===
[11:56:11] sending=56.80 Mb/s  conns=4
[11:56:13] sending=58.83 Mb/s  conns=4
[11:56:15] sending=73.15 Mb/s  conns=4
[11:56:17] sending=95.54 Mb/s  conns=4
[11:56:19] sending=91.02 Mb/s  conns=4
[11:56:21] sending=61.06 Mb/s  conns=4
[11:56:23] sending=75.98 Mb/s  conns=4
[11:56:25] sending=75.51 Mb/s  conns=4
[11:56:27] sending=72.19 Mb/s  conns=4
[11:56:29] sending=33.42 Mb/s  conns=4

=== tcp-client-6f6d79978b-gt88q ===
[11:56:11] sending=75.79 Mb/s  conns=4
[11:56:13] sending=69.33 Mb/s  conns=4
[11:56:15] sending=46.93 Mb/s  conns=4
[11:56:17] sending=83.10 Mb/s  conns=4
[11:56:19] sending=76.59 Mb/s  conns=4
[11:56:21] sending=108.02 Mb/s  conns=4
[11:56:23] sending=64.98 Mb/s  conns=4
[11:56:25] sending=60.12 Mb/s  conns=4
[11:56:27] sending=50.57 Mb/s  conns=4
[11:56:29] sending=62.03 Mb/s  conns=4

=== tcp-client-6f6d79978b-h6vcp ===
[11:56:12] sending=91.84 Mb/s  conns=4
[11:56:14] sending=76.97 Mb/s  conns=4
[11:56:16] sending=55.38 Mb/s  conns=4
[11:56:18] sending=47.12 Mb/s  conns=4
[11:56:20] sending=57.88 Mb/s  conns=4
[11:56:22] sending=79.44 Mb/s  conns=4
[11:56:24] sending=106.09 Mb/s  conns=4
[11:56:26] sending=76.27 Mb/s  conns=4
[11:56:28] sending=92.62 Mb/s  conns=4
[11:56:30] sending=87.14 Mb/s  conns=4

=== tcp-client-6f6d79978b-hg4zd ===
[11:56:13] sending=51.65 Mb/s  conns=4
[11:56:15] sending=28.22 Mb/s  conns=4
[11:56:17] sending=29.05 Mb/s  conns=4
[11:56:19] sending=28.66 Mb/s  conns=4
[11:56:21] sending=35.94 Mb/s  conns=4
[11:56:23] sending=51.19 Mb/s  conns=4
[11:56:25] sending=40.58 Mb/s  conns=4
[11:56:27] sending=41.91 Mb/s  conns=4
[11:56:29] sending=47.30 Mb/s  conns=4
[11:56:31] sending=98.38 Mb/s  conns=4

=== tcp-client-6f6d79978b-jcmcp ===
[11:56:13] sending=68.46 Mb/s  conns=4
[11:56:15] sending=67.08 Mb/s  conns=4
[11:56:17] sending=41.72 Mb/s  conns=4
[11:56:19] sending=62.66 Mb/s  conns=4
[11:56:21] sending=75.40 Mb/s  conns=4
[11:56:23] sending=85.75 Mb/s  conns=4
[11:56:25] sending=82.87 Mb/s  conns=4
[11:56:27] sending=82.31 Mb/s  conns=4
[11:56:29] sending=47.59 Mb/s  conns=4
[11:56:31] sending=45.91 Mb/s  conns=4

=== tcp-client-6f6d79978b-jhjbr ===
[11:56:15] sending=76.96 Mb/s  conns=4
[11:56:17] sending=40.67 Mb/s  conns=4
[11:56:19] sending=67.25 Mb/s  conns=4
[11:56:21] sending=77.31 Mb/s  conns=4
[11:56:23] sending=69.82 Mb/s  conns=4
[11:56:25] sending=64.53 Mb/s  conns=4
[11:56:27] sending=64.05 Mb/s  conns=4
[11:56:29] sending=66.37 Mb/s  conns=4
[11:56:31] sending=83.12 Mb/s  conns=4
[11:56:33] sending=46.90 Mb/s  conns=4

=== tcp-client-6f6d79978b-khg5j ===
[11:56:16] sending=92.46 Mb/s  conns=4
[11:56:18] sending=86.26 Mb/s  conns=4
[11:56:20] sending=90.56 Mb/s  conns=4
[11:56:22] sending=61.95 Mb/s  conns=4
[11:56:24] sending=44.36 Mb/s  conns=4
[11:56:26] sending=45.18 Mb/s  conns=4
[11:56:28] sending=46.98 Mb/s  conns=4
[11:56:30] sending=58.55 Mb/s  conns=4
[11:56:32] sending=62.68 Mb/s  conns=4
[11:56:34] sending=45.23 Mb/s  conns=4

=== tcp-client-6f6d79978b-l4qbw ===
[11:56:17] sending=69.65 Mb/s  conns=4
[11:56:19] sending=83.02 Mb/s  conns=4
[11:56:21] sending=90.75 Mb/s  conns=4
[11:56:23] sending=76.96 Mb/s  conns=4
[11:56:25] sending=90.78 Mb/s  conns=4
[11:56:27] sending=103.48 Mb/s  conns=4
[11:56:29] sending=137.94 Mb/s  conns=4
[11:56:31] sending=98.92 Mb/s  conns=4
[11:56:33] sending=94.32 Mb/s  conns=4
[11:56:35] sending=74.41 Mb/s  conns=4

=== tcp-client-6f6d79978b-l579s ===
[11:56:17] sending=79.27 Mb/s  conns=4
[11:56:19] sending=104.99 Mb/s  conns=4
[11:56:21] sending=87.79 Mb/s  conns=4
[11:56:23] sending=70.17 Mb/s  conns=4
[11:56:25] sending=89.39 Mb/s  conns=4
[11:56:27] sending=94.20 Mb/s  conns=4
[11:56:29] sending=96.16 Mb/s  conns=4
[11:56:31] sending=95.33 Mb/s  conns=4
[11:56:33] sending=99.66 Mb/s  conns=4
[11:56:35] sending=75.08 Mb/s  conns=4

=== tcp-client-6f6d79978b-l6fvr ===
[11:56:18] sending=41.22 Mb/s  conns=4
[11:56:20] sending=44.63 Mb/s  conns=4
[11:56:22] sending=46.79 Mb/s  conns=4
[11:56:24] sending=52.79 Mb/s  conns=4
[11:56:26] sending=53.77 Mb/s  conns=4
[11:56:28] sending=44.36 Mb/s  conns=4
[11:56:30] sending=63.80 Mb/s  conns=4
[11:56:32] sending=62.42 Mb/s  conns=4
[11:56:34] sending=59.02 Mb/s  conns=4
[11:56:36] sending=69.99 Mb/s  conns=4

=== tcp-client-6f6d79978b-l6p9c ===
[11:56:19] sending=39.57 Mb/s  conns=4
[11:56:20] sending=31.33 Mb/s  conns=4
[11:56:23] sending=52.73 Mb/s  conns=4
[11:56:25] sending=33.07 Mb/s  conns=4
[11:56:27] sending=39.53 Mb/s  conns=4
[11:56:29] sending=33.94 Mb/s  conns=4
[11:56:31] sending=76.72 Mb/s  conns=4
[11:56:32] sending=88.69 Mb/s  conns=4
[11:56:34] sending=77.77 Mb/s  conns=4
[11:56:37] sending=54.17 Mb/s  conns=4

=== tcp-client-6f6d79978b-mcz4k ===
[11:56:20] sending=52.23 Mb/s  conns=4
[11:56:22] sending=49.06 Mb/s  conns=4
[11:56:24] sending=49.35 Mb/s  conns=4
[11:56:26] sending=42.82 Mb/s  conns=4
[11:56:28] sending=25.36 Mb/s  conns=4
[11:56:30] sending=29.93 Mb/s  conns=4
[11:56:32] sending=53.33 Mb/s  conns=4
[11:56:34] sending=64.83 Mb/s  conns=4
[11:56:36] sending=51.69 Mb/s  conns=4
[11:56:38] sending=51.09 Mb/s  conns=4

=== tcp-client-6f6d79978b-mv9hm ===
[11:56:20] sending=52.84 Mb/s  conns=4
[11:56:22] sending=30.45 Mb/s  conns=4
[11:56:24] sending=31.69 Mb/s  conns=4
[11:56:26] sending=41.35 Mb/s  conns=4
[11:56:28] sending=48.53 Mb/s  conns=4
[11:56:30] sending=45.84 Mb/s  conns=4
[11:56:32] sending=43.83 Mb/s  conns=4
[11:56:34] sending=50.26 Mb/s  conns=4
[11:56:36] sending=46.72 Mb/s  conns=4
[11:56:38] sending=43.79 Mb/s  conns=4

=== tcp-client-6f6d79978b-p568x ===
[11:56:22] sending=33.94 Mb/s  conns=4
[11:56:24] sending=34.70 Mb/s  conns=4
[11:56:26] sending=42.94 Mb/s  conns=4
[11:56:28] sending=37.32 Mb/s  conns=4
[11:56:30] sending=47.43 Mb/s  conns=4
[11:56:32] sending=48.82 Mb/s  conns=4
[11:56:34] sending=41.08 Mb/s  conns=4
[11:56:36] sending=50.33 Mb/s  conns=4
[11:56:38] sending=52.38 Mb/s  conns=4
[11:56:40] sending=48.88 Mb/s  conns=4

=== tcp-client-6f6d79978b-pvt45 ===
[11:56:23] sending=33.82 Mb/s  conns=4
[11:56:25] sending=23.04 Mb/s  conns=4
[11:56:27] sending=23.95 Mb/s  conns=4
[11:56:29] sending=25.93 Mb/s  conns=4
[11:56:31] sending=75.69 Mb/s  conns=4
[11:56:33] sending=94.48 Mb/s  conns=4
[11:56:35] sending=79.80 Mb/s  conns=4
[11:56:37] sending=46.58 Mb/s  conns=4
[11:56:39] sending=28.57 Mb/s  conns=4
[11:56:41] sending=27.83 Mb/s  conns=4

=== tcp-client-6f6d79978b-r99lk ===
[11:56:23] sending=41.06 Mb/s  conns=4
[11:56:25] sending=76.40 Mb/s  conns=4
[11:56:27] sending=77.55 Mb/s  conns=4
[11:56:29] sending=79.31 Mb/s  conns=4
[11:56:32] sending=51.21 Mb/s  conns=4
[11:56:33] sending=88.05 Mb/s  conns=4
[11:56:36] sending=113.16 Mb/s  conns=4
[11:56:37] sending=91.60 Mb/s  conns=4
[11:56:39] sending=83.55 Mb/s  conns=4
[11:56:41] sending=94.40 Mb/s  conns=4

=== tcp-client-6f6d79978b-s6dzh ===
[11:56:23] sending=43.26 Mb/s  conns=4
[11:56:25] sending=49.77 Mb/s  conns=4
[11:56:27] sending=52.30 Mb/s  conns=4
[11:56:29] sending=67.59 Mb/s  conns=4
[11:56:31] sending=87.66 Mb/s  conns=4
[11:56:33] sending=50.87 Mb/s  conns=4
[11:56:35] sending=30.95 Mb/s  conns=4
[11:56:37] sending=47.62 Mb/s  conns=4
[11:56:39] sending=47.40 Mb/s  conns=4
[11:56:41] sending=64.66 Mb/s  conns=4

=== tcp-client-6f6d79978b-sqkw6 ===
[11:56:25] sending=83.83 Mb/s  conns=4
[11:56:27] sending=70.26 Mb/s  conns=4
[11:56:29] sending=62.33 Mb/s  conns=4
[11:56:31] sending=51.18 Mb/s  conns=4
[11:56:33] sending=55.56 Mb/s  conns=4
[11:56:35] sending=50.75 Mb/s  conns=4
[11:56:37] sending=56.89 Mb/s  conns=4
[11:56:39] sending=83.76 Mb/s  conns=4
[11:56:41] sending=87.22 Mb/s  conns=4
[11:56:43] sending=83.87 Mb/s  conns=4

=== tcp-client-6f6d79978b-v7x8t ===
[11:56:26] sending=76.18 Mb/s  conns=4
[11:56:28] sending=81.42 Mb/s  conns=4
[11:56:30] sending=68.83 Mb/s  conns=4
[11:56:32] sending=60.85 Mb/s  conns=4
[11:56:34] sending=66.44 Mb/s  conns=4
[11:56:36] sending=67.47 Mb/s  conns=4
[11:56:38] sending=88.80 Mb/s  conns=4
[11:56:40] sending=70.90 Mb/s  conns=4
[11:56:42] sending=47.16 Mb/s  conns=4
[11:56:44] sending=66.45 Mb/s  conns=4

=== tcp-client-6f6d79978b-vft6g ===
[11:56:27] sending=108.69 Mb/s  conns=4
[11:56:29] sending=100.37 Mb/s  conns=4
[11:56:31] sending=90.75 Mb/s  conns=4
[11:56:33] sending=82.39 Mb/s  conns=4
[11:56:35] sending=73.80 Mb/s  conns=4
[11:56:37] sending=75.62 Mb/s  conns=4
[11:56:39] sending=85.68 Mb/s  conns=4
[11:56:41] sending=84.71 Mb/s  conns=4
[11:56:43] sending=81.22 Mb/s  conns=4
[11:56:45] sending=75.07 Mb/s  conns=4

=== tcp-client-6f6d79978b-wvz55 ===
[11:56:26] sending=36.30 Mb/s  conns=4
[11:56:28] sending=36.09 Mb/s  conns=4
[11:56:30] sending=42.97 Mb/s  conns=4
[11:56:32] sending=41.46 Mb/s  conns=4
[11:56:34] sending=35.54 Mb/s  conns=4
[11:56:36] sending=41.75 Mb/s  conns=4
[11:56:38] sending=35.55 Mb/s  conns=4
[11:56:40] sending=38.86 Mb/s  conns=4
[11:56:42] sending=38.84 Mb/s  conns=4
[11:56:44] sending=109.18 Mb/s  conns=4

=== tcp-client-6f6d79978b-xmzz9 ===
[11:56:27] sending=67.12 Mb/s  conns=4
[11:56:29] sending=48.39 Mb/s  conns=4
[11:56:31] sending=50.54 Mb/s  conns=4
[11:56:33] sending=62.61 Mb/s  conns=4
[11:56:35] sending=65.07 Mb/s  conns=4
[11:56:37] sending=54.12 Mb/s  conns=4
[11:56:39] sending=64.21 Mb/s  conns=4
[11:56:41] sending=59.25 Mb/s  conns=4
[11:56:43] sending=72.92 Mb/s  conns=4
[11:56:45] sending=62.40 Mb/s  conns=4

=== tcp-client-6f6d79978b-zl6n8 ===
[11:56:28] sending=55.62 Mb/s  conns=4
[11:56:30] sending=69.23 Mb/s  conns=4
[11:56:32] sending=65.48 Mb/s  conns=4
[11:56:34] sending=61.43 Mb/s  conns=4
[11:56:36] sending=78.99 Mb/s  conns=4
[11:56:38] sending=47.89 Mb/s  conns=4
[11:56:40] sending=62.05 Mb/s  conns=4
[11:56:42] sending=60.68 Mb/s  conns=4
[11:56:44] sending=63.51 Mb/s  conns=4
[11:56:46] sending=84.15 Mb/s  conns=4

=== tcp-client-6f6d79978b-zl8xx ===
[11:56:29] sending=50.14 Mb/s  conns=4
[11:56:31] sending=56.84 Mb/s  conns=4
[11:56:33] sending=68.70 Mb/s  conns=4
[11:56:35] sending=77.42 Mb/s  conns=4
[11:56:37] sending=121.05 Mb/s  conns=4
[11:56:39] sending=142.00 Mb/s  conns=4
[11:56:41] sending=58.31 Mb/s  conns=4
[11:56:43] sending=50.29 Mb/s  conns=4
[11:56:45] sending=71.60 Mb/s  conns=4
[11:56:47] sending=101.23 Mb/s  conns=4

