=== tcp-client-6f6d79978b-266n6 ===
[11:55:01] sending=92.92 Mb/s  conns=4
[11:55:03] sending=76.15 Mb/s  conns=4
[11:55:05] sending=81.02 Mb/s  conns=4
[11:55:07] sending=75.11 Mb/s  conns=4
[11:55:09] sending=102.41 Mb/s  conns=4
[11:55:11] sending=80.59 Mb/s  conns=4
[11:55:13] sending=73.81 Mb/s  conns=4
[11:55:15] sending=71.13 Mb/s  conns=4
[11:55:17] sending=75.55 Mb/s  conns=4
[11:55:19] sending=73.63 Mb/s  conns=4

=== tcp-client-6f6d79978b-458j4 ===
[11:55:02] sending=110.25 Mb/s  conns=4
[11:55:04] sending=113.03 Mb/s  conns=4
[11:55:06] sending=110.25 Mb/s  conns=4
[11:55:08] sending=103.80 Mb/s  conns=4
[11:55:10] sending=140.54 Mb/s  conns=4
[11:55:12] sending=108.02 Mb/s  conns=4
[11:55:14] sending=104.86 Mb/s  conns=4
[11:55:16] sending=107.65 Mb/s  conns=4
[11:55:18] sending=165.07 Mb/s  conns=4
[11:55:20] sending=160.97 Mb/s  conns=4

=== tcp-client-6f6d79978b-5hlfb ===
[11:55:03] sending=197.91 Mb/s  conns=4
[11:55:05] sending=170.56 Mb/s  conns=4
[11:55:07] sending=150.18 Mb/s  conns=4
[11:55:09] sending=167.07 Mb/s  conns=4
[11:55:11] sending=88.88 Mb/s  conns=4
[11:55:13] sending=79.84 Mb/s  conns=4
[11:55:15] sending=77.19 Mb/s  conns=4
[11:55:17] sending=91.58 Mb/s  conns=4
[11:55:19] sending=85.06 Mb/s  conns=4
[11:55:21] sending=81.80 Mb/s  conns=4

=== tcp-client-6f6d79978b-5zs26 ===
[11:55:05] sending=71.92 Mb/s  conns=4
[11:55:07] sending=96.07 Mb/s  conns=4
[11:55:09] sending=79.00 Mb/s  conns=4
[11:55:11] sending=73.84 Mb/s  conns=4
[11:55:13] sending=73.64 Mb/s  conns=4
[11:55:15] sending=88.90 Mb/s  conns=4
[11:55:17] sending=88.63 Mb/s  conns=4
[11:55:19] sending=85.31 Mb/s  conns=4
[11:55:21] sending=75.94 Mb/s  conns=4
[11:55:23] sending=73.29 Mb/s  conns=4

=== tcp-client-6f6d79978b-6fc27 ===
[11:55:06] sending=102.38 Mb/s  conns=4
[11:55:08] sending=162.57 Mb/s  conns=4
[11:55:10] sending=244.29 Mb/s  conns=4
[11:55:12] sending=231.13 Mb/s  conns=4
[11:55:14] sending=222.72 Mb/s  conns=4
[11:55:16] sending=234.39 Mb/s  conns=4
[11:55:18] sending=199.87 Mb/s  conns=4
[11:55:20] sending=103.00 Mb/s  conns=4
[11:55:22] sending=125.97 Mb/s  conns=4
[11:55:24] sending=95.82 Mb/s  conns=4

=== tcp-client-6f6d79978b-6xcvj ===
[11:55:06] sending=125.34 Mb/s  conns=4
[11:55:08] sending=101.84 Mb/s  conns=4
[11:55:10] sending=137.47 Mb/s  conns=4
[11:55:12] sending=90.65 Mb/s  conns=4
[11:55:14] sending=81.52 Mb/s  conns=4
[11:55:16] sending=75.84 Mb/s  conns=4
[11:55:18] sending=66.11 Mb/s  conns=4
[11:55:20] sending=85.55 Mb/s  conns=4
[11:55:22] sending=95.66 Mb/s  conns=4
[11:55:24] sending=100.93 Mb/s  conns=4

=== tcp-client-6f6d79978b-76hlt ===
[11:55:08] sending=109.03 Mb/s  conns=4
[11:55:10] sending=94.32 Mb/s  conns=4
[11:55:12] sending=109.31 Mb/s  conns=4
[11:55:14] sending=125.80 Mb/s  conns=4
[11:55:16] sending=92.27 Mb/s  conns=4
[11:55:18] sending=103.04 Mb/s  conns=4
[11:55:20] sending=87.02 Mb/s  conns=4
[11:55:22] sending=82.85 Mb/s  conns=4
[11:55:24] sending=88.15 Mb/s  conns=4
[11:55:26] sending=87.04 Mb/s  conns=4

=== tcp-client-6f6d79978b-7qrjk ===
[11:55:07] sending=80.60 Mb/s  conns=4
[11:55:09] sending=92.26 Mb/s  conns=4
[11:55:11] sending=80.32 Mb/s  conns=4
[11:55:13] sending=72.44 Mb/s  conns=4
[11:55:15] sending=70.67 Mb/s  conns=4
[11:55:17] sending=78.71 Mb/s  conns=4
[11:55:19] sending=65.10 Mb/s  conns=4
[11:55:21] sending=69.51 Mb/s  conns=4
[11:55:23] sending=82.18 Mb/s  conns=4
[11:55:25] sending=84.24 Mb/s  conns=4

=== tcp-client-6f6d79978b-b592w ===
[11:55:09] sending=76.15 Mb/s  conns=4
[11:55:11] sending=79.39 Mb/s  conns=4
[11:55:13] sending=81.48 Mb/s  conns=4
[11:55:15] sending=76.16 Mb/s  conns=4
[11:55:17] sending=71.13 Mb/s  conns=4
[11:55:19] sending=73.73 Mb/s  conns=4
[11:55:21] sending=82.48 Mb/s  conns=4
[11:55:23] sending=58.60 Mb/s  conns=4
[11:55:25] sending=67.79 Mb/s  conns=4
[11:55:27] sending=72.36 Mb/s  conns=4

=== tcp-client-6f6d79978b-b6dq7 ===
[11:55:11] sending=152.59 Mb/s  conns=4
[11:55:13] sending=142.41 Mb/s  conns=4
[11:55:15] sending=77.78 Mb/s  conns=4
[11:55:17] sending=86.94 Mb/s  conns=4
[11:55:19] sending=99.78 Mb/s  conns=4
[11:55:21] sending=107.27 Mb/s  conns=4
[11:55:23] sending=115.58 Mb/s  conns=4
[11:55:25] sending=116.92 Mb/s  conns=4
[11:55:27] sending=113.47 Mb/s  conns=4
[11:55:29] sending=106.68 Mb/s  conns=4

=== tcp-client-6f6d79978b-b99bg ===
[11:55:11] sending=87.97 Mb/s  conns=4
[11:55:13] sending=92.35 Mb/s  conns=4
[11:55:15] sending=106.78 Mb/s  conns=4
[11:55:17] sending=119.45 Mb/s  conns=4
[11:55:19] sending=84.10 Mb/s  conns=4
[11:55:21] sending=94.08 Mb/s  conns=4
[11:55:23] sending=81.52 Mb/s  conns=4
[11:55:25] sending=81.37 Mb/s  conns=4
[11:55:27] sending=72.05 Mb/s  conns=4
[11:55:29] sending=81.61 Mb/s  conns=4

=== tcp-client-6f6d79978b-dtdzv ===
[11:55:12] sending=105.62 Mb/s  conns=4
[11:55:14] sending=120.95 Mb/s  conns=4
[11:55:16] sending=79.76 Mb/s  conns=4
[11:55:18] sending=95.49 Mb/s  conns=4
[11:55:20] sending=89.94 Mb/s  conns=4
[11:55:22] sending=90.29 Mb/s  conns=4
[11:55:24] sending=111.11 Mb/s  conns=4
[11:55:26] sending=93.87 Mb/s  conns=4
[11:55:28] sending=101.54 Mb/s  conns=4
[11:55:30] sending=93.30 Mb/s  conns=4

=== tcp-client-6f6d79978b-fkw86 ===
[11:55:12] sending=91.37 Mb/s  conns=4
[11:55:14] sending=96.87 Mb/s  conns=4
[11:55:16] sending=206.70 Mb/s  conns=4
[11:55:18] sending=174.24 Mb/s  conns=4
[11:55:20] sending=91.25 Mb/s  conns=4
[11:55:22] sending=96.69 Mb/s  conns=4
[11:55:24] sending=130.32 Mb/s  conns=4
[11:55:26] sending=100.41 Mb/s  conns=4
[11:55:28] sending=88.03 Mb/s  conns=4
[11:55:30] sending=112.43 Mb/s  conns=4

=== tcp-client-6f6d79978b-fxjsq ===
[11:55:14] sending=82.53 Mb/s  conns=4
[11:55:16] sending=80.00 Mb/s  conns=4
[11:55:18] sending=87.65 Mb/s  conns=4
[11:55:20] sending=74.20 Mb/s  conns=4
[11:55:22] sending=74.77 Mb/s  conns=4
[11:55:24] sending=75.09 Mb/s  conns=4
[11:55:26] sending=73.59 Mb/s  conns=4
[11:55:28] sending=72.05 Mb/s  conns=4
[11:55:30] sending=67.62 Mb/s  conns=4
[11:55:32] sending=87.64 Mb/s  conns=4

=== tcp-client-6f6d79978b-g4k42 ===
[11:55:15] sending=93.42 Mb/s  conns=4
[11:55:17] sending=97.41 Mb/s  conns=4
[11:55:19] sending=77.46 Mb/s  conns=4
[11:55:21] sending=58.21 Mb/s  conns=4
[11:55:23] sending=84.99 Mb/s  conns=4
[11:55:25] sending=128.28 Mb/s  conns=4
[11:55:27] sending=116.27 Mb/s  conns=4
[11:55:29] sending=95.29 Mb/s  conns=4
[11:55:31] sending=67.13 Mb/s  conns=4
[11:55:33] sending=74.22 Mb/s  conns=4

=== tcp-client-6f6d79978b-g6gb6 ===
[11:55:16] sending=88.43 Mb/s  conns=4
[11:55:18] sending=87.80 Mb/s  conns=4
[11:55:20] sending=97.17 Mb/s  conns=4
[11:55:22] sending=198.17 Mb/s  conns=4
[11:55:24] sending=227.28 Mb/s  conns=4
[11:55:26] sending=167.69 Mb/s  conns=4
[11:55:28] sending=107.63 Mb/s  conns=4
[11:55:30] sending=107.02 Mb/s  conns=4
[11:55:32] sending=106.73 Mb/s  conns=4
[11:55:34] sending=81.67 Mb/s  conns=4

=== tcp-client-6f6d79978b-htlbj ===
[11:55:17] sending=68.01 Mb/s  conns=4
[11:55:19] sending=82.86 Mb/s  conns=4
[11:55:21] sending=78.94 Mb/s  conns=4
[11:55:23] sending=87.41 Mb/s  conns=4
[11:55:25] sending=88.27 Mb/s  conns=4
[11:55:27] sending=82.84 Mb/s  conns=4
[11:55:29] sending=77.05 Mb/s  conns=4
[11:55:31] sending=84.28 Mb/s  conns=4
[11:55:33] sending=73.54 Mb/s  conns=4
[11:55:35] sending=68.03 Mb/s  conns=4

=== tcp-client-6f6d79978b-httrn ===
[11:55:18] sending=85.61 Mb/s  conns=4
[11:55:20] sending=92.69 Mb/s  conns=4
[11:55:22] sending=73.52 Mb/s  conns=4
[11:55:24] sending=80.64 Mb/s  conns=4
[11:55:26] sending=74.73 Mb/s  conns=4
[11:55:28] sending=71.24 Mb/s  conns=4
[11:55:30] sending=79.80 Mb/s  conns=4
[11:55:32] sending=86.23 Mb/s  conns=4
[11:55:34] sending=85.40 Mb/s  conns=4
[11:55:36] sending=78.83 Mb/s  conns=4

=== tcp-client-6f6d79978b-j695v ===
[11:55:21] sending=91.88 Mb/s  conns=4
[11:55:23] sending=91.19 Mb/s  conns=4
[11:55:25] sending=83.28 Mb/s  conns=4
[11:55:27] sending=83.54 Mb/s  conns=4
[11:55:29] sending=78.19 Mb/s  conns=4
[11:55:31] sending=100.29 Mb/s  conns=4
[11:55:33] sending=100.44 Mb/s  conns=4
[11:55:35] sending=113.40 Mb/s  conns=4
[11:55:37] sending=89.33 Mb/s  conns=4
[11:55:39] sending=82.95 Mb/s  conns=4

=== tcp-client-6f6d79978b-jhgz4 ===
[11:55:20] sending=92.97 Mb/s  conns=4
[11:55:22] sending=93.14 Mb/s  conns=4
[11:55:24] sending=92.73 Mb/s  conns=4
[11:55:26] sending=87.14 Mb/s  conns=4
[11:55:28] sending=80.32 Mb/s  conns=4
[11:55:30] sending=100.10 Mb/s  conns=4
[11:55:32] sending=87.12 Mb/s  conns=4
[11:55:34] sending=85.86 Mb/s  conns=4
[11:55:36] sending=126.87 Mb/s  conns=4
[11:55:38] sending=106.33 Mb/s  conns=4

=== tcp-client-6f6d79978b-jvfd7 ===
[11:55:22] sending=71.20 Mb/s  conns=4
[11:55:24] sending=70.67 Mb/s  conns=4
[11:55:26] sending=72.26 Mb/s  conns=4
[11:55:28] sending=70.77 Mb/s  conns=4
[11:55:30] sending=79.81 Mb/s  conns=4
[11:55:32] sending=75.62 Mb/s  conns=4
[11:55:34] sending=105.16 Mb/s  conns=4
[11:55:36] sending=108.98 Mb/s  conns=4
[11:55:38] sending=88.51 Mb/s  conns=4
[11:55:40] sending=101.77 Mb/s  conns=4

=== tcp-client-6f6d79978b-jzq4m ===
[11:55:21] sending=64.97 Mb/s  conns=4
[11:55:23] sending=66.85 Mb/s  conns=4
[11:55:25] sending=66.11 Mb/s  conns=4
[11:55:27] sending=57.03 Mb/s  conns=4
[11:55:29] sending=59.20 Mb/s  conns=4
[11:55:31] sending=55.86 Mb/s  conns=4
[11:55:33] sending=56.47 Mb/s  conns=4
[11:55:35] sending=62.97 Mb/s  conns=4
[11:55:37] sending=65.05 Mb/s  conns=4
[11:55:39] sending=66.22 Mb/s  conns=4

=== tcp-client-6f6d79978b-ljdhv ===
[11:55:24] sending=123.32 Mb/s  conns=4
[11:55:26] sending=109.70 Mb/s  conns=4
[11:55:28] sending=104.21 Mb/s  conns=4
[11:55:30] sending=104.08 Mb/s  conns=4
[11:55:32] sending=98.27 Mb/s  conns=4
[11:55:34] sending=110.73 Mb/s  conns=4
[11:55:36] sending=117.19 Mb/s  conns=4
[11:55:38] sending=106.96 Mb/s  conns=4
[11:55:40] sending=115.69 Mb/s  conns=4
[11:55:42] sending=114.20 Mb/s  conns=4

=== tcp-client-6f6d79978b-m8rx7 ===
[11:55:24] sending=87.23 Mb/s  conns=4
[11:55:26] sending=71.45 Mb/s  conns=4
[11:55:28] sending=69.38 Mb/s  conns=4
[11:55:30] sending=72.68 Mb/s  conns=4
[11:55:32] sending=67.47 Mb/s  conns=4
[11:55:34] sending=63.63 Mb/s  conns=4
[11:55:36] sending=72.23 Mb/s  conns=4
[11:55:38] sending=74.35 Mb/s  conns=4
[11:55:40] sending=77.84 Mb/s  conns=4
[11:55:42] sending=76.79 Mb/s  conns=4

=== tcp-client-6f6d79978b-mplk7 ===
[11:55:24] sending=62.68 Mb/s  conns=4
[11:55:26] sending=71.20 Mb/s  conns=4
[11:55:28] sending=67.72 Mb/s  conns=4
[11:55:30] sending=78.73 Mb/s  conns=4
[11:55:32] sending=158.64 Mb/s  conns=4
[11:55:34] sending=172.13 Mb/s  conns=4
[11:55:36] sending=88.85 Mb/s  conns=4
[11:55:38] sending=91.58 Mb/s  conns=4
[11:55:40] sending=90.44 Mb/s  conns=4
[11:55:42] sending=87.48 Mb/s  conns=4

=== tcp-client-6f6d79978b-p545m ===
[11:55:25] sending=86.71 Mb/s  conns=4
[11:55:27] sending=106.25 Mb/s  conns=4
[11:55:29] sending=104.29 Mb/s  conns=4
[11:55:31] sending=107.38 Mb/s  conns=4
[11:55:33] sending=213.69 Mb/s  conns=4
[11:55:35] sending=169.49 Mb/s  conns=4
[11:55:37] sending=111.04 Mb/s  conns=4
[11:55:39] sending=96.17 Mb/s  conns=4
[11:55:41] sending=96.14 Mb/s  conns=4
[11:55:43] sending=82.13 Mb/s  conns=4

=== tcp-client-6f6d79978b-p6mdx ===
[11:55:26] sending=124.13 Mb/s  conns=4
[11:55:28] sending=115.62 Mb/s  conns=4
[11:55:30] sending=89.65 Mb/s  conns=4
[11:55:32] sending=92.85 Mb/s  conns=4
[11:55:34] sending=84.46 Mb/s  conns=4
[11:55:36] sending=78.73 Mb/s  conns=4
[11:55:38] sending=73.25 Mb/s  conns=4
[11:55:40] sending=90.28 Mb/s  conns=4
[11:55:42] sending=89.51 Mb/s  conns=4
[11:55:44] sending=93.67 Mb/s  conns=4

=== tcp-client-6f6d79978b-p795z ===
[11:55:26] sending=64.31 Mb/s  conns=4
[11:55:28] sending=59.84 Mb/s  conns=4
[11:55:30] sending=65.97 Mb/s  conns=4
[11:55:32] sending=47.54 Mb/s  conns=4
[11:55:34] sending=50.89 Mb/s  conns=4
[11:55:36] sending=55.31 Mb/s  conns=4
[11:55:38] sending=48.16 Mb/s  conns=4
[11:55:40] sending=58.33 Mb/s  conns=4
[11:55:42] sending=84.04 Mb/s  conns=4
[11:55:44] sending=62.09 Mb/s  conns=4

=== tcp-client-6f6d79978b-p9gvj ===
[11:55:28] sending=65.83 Mb/s  conns=4
[11:55:30] sending=63.37 Mb/s  conns=4
[11:55:32] sending=79.31 Mb/s  conns=4
[11:55:34] sending=92.35 Mb/s  conns=4
[11:55:36] sending=65.51 Mb/s  conns=4
[11:55:38] sending=67.01 Mb/s  conns=4
[11:55:40] sending=63.83 Mb/s  conns=4
[11:55:42] sending=68.20 Mb/s  conns=4
[11:55:44] sending=61.20 Mb/s  conns=4
[11:55:46] sending=67.08 Mb/s  conns=4

=== tcp-client-6f6d79978b-q5s9v ===
[11:55:29] sending=77.72 Mb/s  conns=4
[11:55:31] sending=91.24 Mb/s  conns=4
[11:55:33] sending=78.98 Mb/s  conns=4
[11:55:35] sending=86.94 Mb/s  conns=4
[11:55:37] sending=101.63 Mb/s  conns=4
[11:55:39] sending=124.31 Mb/s  conns=4
[11:55:41] sending=111.12 Mb/s  conns=4
[11:55:43] sending=96.82 Mb/s  conns=4
[11:55:45] sending=96.48 Mb/s  conns=4
[11:55:47] sending=90.04 Mb/s  conns=4

=== tcp-client-6f6d79978b-q62th ===
[11:55:29] sending=77.31 Mb/s  conns=4
[11:55:31] sending=83.39 Mb/s  conns=4
[11:55:33] sending=71.42 Mb/s  conns=4
[11:55:35] sending=71.07 Mb/s  conns=4
[11:55:37] sending=82.74 Mb/s  conns=4
[11:55:39] sending=96.11 Mb/s  conns=4
[11:55:41] sending=83.82 Mb/s  conns=4
[11:55:43] sending=79.49 Mb/s  conns=4
[11:55:45] sending=88.91 Mb/s  conns=4
[11:55:47] sending=85.16 Mb/s  conns=4

=== tcp-client-6f6d79978b-qdd6l ===
[11:55:30] sending=95.13 Mb/s  conns=4
[11:55:32] sending=94.18 Mb/s  conns=4
[11:55:34] sending=73.44 Mb/s  conns=4
[11:55:36] sending=99.09 Mb/s  conns=4
[11:55:38] sending=109.45 Mb/s  conns=4
[11:55:40] sending=89.61 Mb/s  conns=4
[11:55:42] sending=89.09 Mb/s  conns=4
[11:55:44] sending=77.54 Mb/s  conns=4
[11:55:46] sending=75.83 Mb/s  conns=4
[11:55:48] sending=69.23 Mb/s  conns=4

=== tcp-client-6f6d79978b-qnm8t ===
[11:55:30] sending=91.24 Mb/s  conns=4
[11:55:32] sending=86.32 Mb/s  conns=4
[11:55:34] sending=73.64 Mb/s  conns=4
[11:55:36] sending=65.54 Mb/s  conns=4
[11:55:38] sending=66.77 Mb/s  conns=4
[11:55:40] sending=62.53 Mb/s  conns=4
[11:55:42] sending=71.57 Mb/s  conns=4
[11:55:44] sending=66.47 Mb/s  conns=4
[11:55:46] sending=66.91 Mb/s  conns=4
[11:55:48] sending=99.89 Mb/s  conns=4

=== tcp-client-6f6d79978b-rld5b ===
[11:55:32] sending=90.05 Mb/s  conns=4
[11:55:34] sending=93.39 Mb/s  conns=4
[11:55:36] sending=113.19 Mb/s  conns=4
[11:55:38] sending=75.76 Mb/s  conns=4
[11:55:40] sending=76.94 Mb/s  conns=4
[11:55:42] sending=118.78 Mb/s  conns=4
[11:55:44] sending=109.73 Mb/s  conns=4
[11:55:46] sending=104.60 Mb/s  conns=4
[11:55:48] sending=91.42 Mb/s  conns=4
[11:55:50] sending=84.32 Mb/s  conns=4

=== tcp-client-6f6d79978b-t57cz ===
[11:55:32] sending=82.71 Mb/s  conns=4
[11:55:34] sending=66.96 Mb/s  conns=4
[11:55:36] sending=66.78 Mb/s  conns=4
[11:55:38] sending=67.87 Mb/s  conns=4
[11:55:40] sending=68.85 Mb/s  conns=4
[11:55:42] sending=67.53 Mb/s  conns=4
[11:55:44] sending=69.23 Mb/s  conns=4
[11:55:46] sending=71.93 Mb/s  conns=4
[11:55:48] sending=69.22 Mb/s  conns=4
[11:55:50] sending=75.44 Mb/s  conns=4

=== tcp-client-6f6d79978b-thkpw ===
[11:55:33] sending=68.71 Mb/s  conns=4
[11:55:35] sending=68.01 Mb/s  conns=4
[11:55:37] sending=69.10 Mb/s  conns=4
[11:55:39] sending=63.13 Mb/s  conns=4
[11:55:41] sending=67.38 Mb/s  conns=4
[11:55:43] sending=77.42 Mb/s  conns=4
[11:55:45] sending=67.63 Mb/s  conns=4
[11:55:47] sending=66.59 Mb/s  conns=4
[11:55:49] sending=59.65 Mb/s  conns=4
[11:55:51] sending=66.68 Mb/s  conns=4

=== tcp-client-6f6d79978b-tjnp8 ===
[11:55:33] sending=84.17 Mb/s  conns=4
[11:55:35] sending=67.04 Mb/s  conns=4
[11:55:37] sending=76.61 Mb/s  conns=4
[11:55:39] sending=79.87 Mb/s  conns=4
[11:55:41] sending=83.20 Mb/s  conns=4
[11:55:43] sending=81.60 Mb/s  conns=4
[11:55:45] sending=90.37 Mb/s  conns=4
[11:55:47] sending=72.18 Mb/s  conns=4
[11:55:49] sending=78.67 Mb/s  conns=4
[11:55:51] sending=113.61 Mb/s  conns=4

=== tcp-client-6f6d79978b-tv2mk ===
[11:55:36] sending=96.30 Mb/s  conns=4
[11:55:38] sending=110.03 Mb/s  conns=4
[11:55:40] sending=106.62 Mb/s  conns=4
[11:55:42] sending=91.46 Mb/s  conns=4
[11:55:44] sending=80.14 Mb/s  conns=4
[11:55:46] sending=135.17 Mb/s  conns=4
[11:55:48] sending=79.11 Mb/s  conns=4
[11:55:50] sending=86.91 Mb/s  conns=4
[11:55:52] sending=84.12 Mb/s  conns=4
[11:55:54] sending=77.82 Mb/s  conns=4

=== tcp-client-6f6d79978b-wcg24 ===
[11:55:36] sending=82.14 Mb/s  conns=4
[11:55:38] sending=118.96 Mb/s  conns=4
[11:55:40] sending=129.31 Mb/s  conns=4
[11:55:42] sending=73.23 Mb/s  conns=4
[11:55:44] sending=104.35 Mb/s  conns=4
[11:55:46] sending=106.62 Mb/s  conns=4
[11:55:48] sending=84.25 Mb/s  conns=4
[11:55:50] sending=85.86 Mb/s  conns=4
[11:55:52] sending=100.56 Mb/s  conns=4
[11:55:54] sending=112.49 Mb/s  conns=4

=== tcp-client-6f6d79978b-x6ngv ===
[11:55:35] sending=89.80 Mb/s  conns=4
[11:55:37] sending=93.82 Mb/s  conns=4
[11:55:39] sending=104.79 Mb/s  conns=4
[11:55:41] sending=108.88 Mb/s  conns=4
[11:55:43] sending=100.02 Mb/s  conns=4
[11:55:45] sending=118.96 Mb/s  conns=4
[11:55:47] sending=93.19 Mb/s  conns=4
[11:55:49] sending=82.88 Mb/s  conns=4
[11:55:51] sending=73.25 Mb/s  conns=4
[11:55:53] sending=72.74 Mb/s  conns=4

