2026/05/29 11:48:39 Starting receiver: port=8080 listeners=32 workers=32 cores=32 buf=32768
2026/05/29 11:48:39 listener 3: accepting connections on :8080
2026/05/29 11:48:39 listener 15: accepting connections on :8080
2026/05/29 11:48:39 listener 8: accepting connections on :8080
2026/05/29 11:48:39 listener 1: accepting connections on :8080
2026/05/29 11:48:39 listener 9: accepting connections on :8080
2026/05/29 11:48:39 listener 2: accepting connections on :8080
2026/05/29 11:48:39 listener 10: accepting connections on :8080
2026/05/29 11:48:39 listener 16: accepting connections on :8080
2026/05/29 11:48:39 listener 11: accepting connections on :8080
2026/05/29 11:48:39 listener 0: accepting connections on :8080
2026/05/29 11:48:39 listener 17: accepting connections on :8080
2026/05/29 11:48:39 listener 23: accepting connections on :8080
2026/05/29 11:48:39 listener 30: accepting connections on :8080
2026/05/29 11:48:39 listener 12: accepting connections on :8080
2026/05/29 11:48:39 listener 22: accepting connections on :8080
2026/05/29 11:48:39 listener 13: accepting connections on :8080
2026/05/29 11:48:39 listener 26: accepting connections on :8080
2026/05/29 11:48:39 listener 27: accepting connections on :8080
2026/05/29 11:48:39 listener 21: accepting connections on :8080
2026/05/29 11:48:39 listener 28: accepting connections on :8080
2026/05/29 11:48:39 listener 20: accepting connections on :8080
2026/05/29 11:48:39 listener 19: accepting connections on :8080
2026/05/29 11:48:39 listener 14: accepting connections on :8080
2026/05/29 11:48:39 listener 6: accepting connections on :8080
2026/05/29 11:48:39 listener 18: accepting connections on :8080
2026/05/29 11:48:39 listener 29: accepting connections on :8080
2026/05/29 11:48:39 listener 31: accepting connections on :8080
2026/05/29 11:48:39 listener 4: accepting connections on :8080
2026/05/29 11:48:39 listener 24: accepting connections on :8080
2026/05/29 11:48:39 listener 7: accepting connections on :8080
2026/05/29 11:48:39 listener 25: accepting connections on :8080
2026/05/29 11:48:39 listener 5: accepting connections on :8080
[11:48:41] throughput=0.00 Kb/s  conns_total=0  conns_active=0
[11:48:43] throughput=0.00 Kb/s  conns_total=0  conns_active=0
[11:48:45] throughput=0.00 Kb/s  conns_total=0  conns_active=0
[11:48:47] throughput=0.00 Kb/s  conns_total=0  conns_active=0
[11:48:49] throughput=0.00 Kb/s  conns_total=0  conns_active=0
[11:48:51] throughput=0.00 Kb/s  conns_total=0  conns_active=0
[11:48:53] throughput=0.00 Kb/s  conns_total=0  conns_active=0
[11:48:55] throughput=0.00 Kb/s  conns_total=0  conns_active=0
[11:48:57] throughput=0.00 Kb/s  conns_total=0  conns_active=0
[11:48:59] throughput=0.00 Kb/s  conns_total=0  conns_active=0
[11:49:01] throughput=0.00 Kb/s  conns_total=0  conns_active=0
[11:49:03] throughput=0.00 Kb/s  conns_total=0  conns_active=0
[11:49:05] throughput=0.00 Kb/s  conns_total=0  conns_active=0
[11:49:07] throughput=0.00 Kb/s  conns_total=0  conns_active=0
[11:49:09] throughput=0.00 Kb/s  conns_total=0  conns_active=0
[11:49:11] throughput=0.00 Kb/s  conns_total=0  conns_active=0
[11:49:13] throughput=0.00 Kb/s  conns_total=0  conns_active=0
[11:49:15] throughput=0.00 Kb/s  conns_total=0  conns_active=0
[11:49:17] throughput=0.00 Kb/s  conns_total=0  conns_active=0
[11:49:19] throughput=0.00 Kb/s  conns_total=0  conns_active=0
[11:49:21] throughput=0.00 Kb/s  conns_total=0  conns_active=0
[11:49:23] throughput=0.00 Kb/s  conns_total=0  conns_active=0
[11:49:25] throughput=0.00 Kb/s  conns_total=0  conns_active=0
[11:49:27] throughput=0.00 Kb/s  conns_total=0  conns_active=0
[11:49:29] throughput=0.00 Kb/s  conns_total=0  conns_active=0
[11:49:31] throughput=0.00 Kb/s  conns_total=0  conns_active=0
[11:49:33] throughput=0.00 Kb/s  conns_total=0  conns_active=0
[11:49:35] throughput=0.00 Kb/s  conns_total=0  conns_active=0
[11:49:37] throughput=0.00 Kb/s  conns_total=0  conns_active=0
[11:49:39] throughput=0.00 Kb/s  conns_total=0  conns_active=0
[11:49:41] throughput=0.00 Kb/s  conns_total=0  conns_active=0
[11:49:43] throughput=0.00 Kb/s  conns_total=0  conns_active=0
[11:49:45] throughput=0.00 Kb/s  conns_total=0  conns_active=0
[11:49:47] throughput=0.00 Kb/s  conns_total=0  conns_active=0
[11:49:49] throughput=0.00 Kb/s  conns_total=0  conns_active=0
[11:49:51] throughput=899.99 Mb/s  conns_total=20  conns_active=20
[11:49:53] throughput=12.89 Gb/s  conns_total=68  conns_active=68
[11:49:55] throughput=14.84 Gb/s  conns_total=104  conns_active=104
[11:49:57] throughput=14.96 Gb/s  conns_total=128  conns_active=128
[11:49:59] throughput=15.00 Gb/s  conns_total=160  conns_active=160
[11:50:01] throughput=15.03 Gb/s  conns_total=160  conns_active=160
[11:50:03] throughput=15.06 Gb/s  conns_total=160  conns_active=160
[11:50:05] throughput=15.10 Gb/s  conns_total=160  conns_active=160
[11:50:07] throughput=15.08 Gb/s  conns_total=160  conns_active=160
[11:50:09] throughput=15.10 Gb/s  conns_total=160  conns_active=160
[11:50:11] throughput=15.02 Gb/s  conns_total=160  conns_active=160
[11:50:13] throughput=15.08 Gb/s  conns_total=160  conns_active=160
[11:50:15] throughput=15.12 Gb/s  conns_total=160  conns_active=160
[11:50:17] throughput=15.07 Gb/s  conns_total=160  conns_active=160
[11:50:19] throughput=15.13 Gb/s  conns_total=160  conns_active=160
[11:50:21] throughput=15.04 Gb/s  conns_total=160  conns_active=160
[11:50:23] throughput=15.16 Gb/s  conns_total=160  conns_active=160
[11:50:25] throughput=15.09 Gb/s  conns_total=160  conns_active=160
[11:50:27] throughput=15.06 Gb/s  conns_total=160  conns_active=160
[11:50:29] throughput=15.16 Gb/s  conns_total=160  conns_active=160
[11:50:31] throughput=15.07 Gb/s  conns_total=160  conns_active=160
[11:50:33] throughput=15.14 Gb/s  conns_total=160  conns_active=160
[11:50:35] throughput=15.03 Gb/s  conns_total=160  conns_active=160
[11:50:37] throughput=15.09 Gb/s  conns_total=160  conns_active=160
[11:50:39] throughput=15.17 Gb/s  conns_total=160  conns_active=160
[11:50:41] throughput=15.08 Gb/s  conns_total=160  conns_active=160
[11:50:43] throughput=15.09 Gb/s  conns_total=160  conns_active=160
[11:50:45] throughput=15.13 Gb/s  conns_total=160  conns_active=160
[11:50:47] throughput=15.08 Gb/s  conns_total=160  conns_active=160
[11:50:49] throughput=15.10 Gb/s  conns_total=160  conns_active=160
[11:50:51] throughput=15.08 Gb/s  conns_total=160  conns_active=160
[11:50:53] throughput=15.09 Gb/s  conns_total=160  conns_active=160
[11:50:55] throughput=15.09 Gb/s  conns_total=160  conns_active=160
[11:50:57] throughput=15.15 Gb/s  conns_total=160  conns_active=160
[11:50:59] throughput=15.08 Gb/s  conns_total=160  conns_active=160
[11:51:01] throughput=15.18 Gb/s  conns_total=160  conns_active=160
[11:51:03] throughput=15.05 Gb/s  conns_total=160  conns_active=160
[11:51:05] throughput=15.13 Gb/s  conns_total=160  conns_active=160
[11:51:07] throughput=15.11 Gb/s  conns_total=160  conns_active=160
[11:51:09] throughput=15.11 Gb/s  conns_total=160  conns_active=160
[11:51:11] throughput=15.13 Gb/s  conns_total=160  conns_active=160
[11:51:13] throughput=15.11 Gb/s  conns_total=160  conns_active=160
[11:51:15] throughput=15.10 Gb/s  conns_total=160  conns_active=160
[11:51:17] throughput=15.15 Gb/s  conns_total=160  conns_active=160
[11:51:19] throughput=15.05 Gb/s  conns_total=160  conns_active=160
[11:51:21] throughput=15.14 Gb/s  conns_total=160  conns_active=160
[11:51:23] throughput=15.08 Gb/s  conns_total=160  conns_active=160
[11:51:25] throughput=15.12 Gb/s  conns_total=160  conns_active=160
[11:51:27] throughput=15.12 Gb/s  conns_total=160  conns_active=160
[11:51:29] throughput=15.09 Gb/s  conns_total=160  conns_active=160
[11:51:31] throughput=15.10 Gb/s  conns_total=160  conns_active=160
[11:51:33] throughput=5.10 Gb/s  conns_total=160  conns_active=160
[11:51:35] throughput=420.01 Mb/s  conns_total=160  conns_active=160
[11:51:37] throughput=441.40 Mb/s  conns_total=160  conns_active=160
[11:51:39] throughput=425.33 Mb/s  conns_total=160  conns_active=160
[11:51:41] throughput=437.29 Mb/s  conns_total=160  conns_active=160
[11:51:43] throughput=647.55 Mb/s  conns_total=160  conns_active=160
[11:51:45] throughput=522.24 Mb/s  conns_total=160  conns_active=160
[11:51:47] throughput=513.78 Mb/s  conns_total=160  conns_active=160
[11:51:49] throughput=536.06 Mb/s  conns_total=160  conns_active=160
[11:51:51] throughput=473.78 Mb/s  conns_total=160  conns_active=160
[11:51:53] throughput=453.28 Mb/s  conns_total=160  conns_active=160
[11:51:55] throughput=482.60 Mb/s  conns_total=160  conns_active=160
[11:51:57] throughput=991.12 Mb/s  conns_total=160  conns_active=160
[11:51:59] throughput=3.73 Gb/s  conns_total=160  conns_active=160
[11:52:01] throughput=3.59 Gb/s  conns_total=160  conns_active=160
[11:52:03] throughput=3.56 Gb/s  conns_total=160  conns_active=160
[11:52:05] throughput=3.54 Gb/s  conns_total=160  conns_active=160
[11:52:07] throughput=3.58 Gb/s  conns_total=160  conns_active=160
[11:52:09] throughput=3.55 Gb/s  conns_total=160  conns_active=160
[11:52:11] throughput=3.52 Gb/s  conns_total=160  conns_active=160
[11:52:13] throughput=3.48 Gb/s  conns_total=160  conns_active=160
[11:52:15] throughput=3.42 Gb/s  conns_total=160  conns_active=160
[11:52:17] throughput=3.52 Gb/s  conns_total=160  conns_active=160
[11:52:19] throughput=3.45 Gb/s  conns_total=160  conns_active=160
[11:52:21] throughput=3.52 Gb/s  conns_total=160  conns_active=160
[11:52:23] throughput=3.46 Gb/s  conns_total=160  conns_active=160
[11:52:25] throughput=3.57 Gb/s  conns_total=160  conns_active=160
[11:52:27] throughput=3.56 Gb/s  conns_total=160  conns_active=160
[11:52:29] throughput=3.62 Gb/s  conns_total=160  conns_active=160
[11:52:31] throughput=3.59 Gb/s  conns_total=160  conns_active=160
[11:52:33] throughput=3.56 Gb/s  conns_total=160  conns_active=160
[11:52:35] throughput=3.49 Gb/s  conns_total=160  conns_active=160
[11:52:37] throughput=3.44 Gb/s  conns_total=160  conns_active=160
[11:52:39] throughput=3.43 Gb/s  conns_total=160  conns_active=160
[11:52:41] throughput=3.49 Gb/s  conns_total=160  conns_active=160
[11:52:43] throughput=3.50 Gb/s  conns_total=160  conns_active=160
[11:52:45] throughput=3.47 Gb/s  conns_total=160  conns_active=160
[11:52:47] throughput=3.62 Gb/s  conns_total=160  conns_active=160
[11:52:49] throughput=3.60 Gb/s  conns_total=160  conns_active=160
[11:52:51] throughput=3.62 Gb/s  conns_total=160  conns_active=160
[11:52:53] throughput=3.44 Gb/s  conns_total=160  conns_active=160
[11:52:55] throughput=3.49 Gb/s  conns_total=160  conns_active=160
[11:52:57] throughput=3.51 Gb/s  conns_total=160  conns_active=160
[11:52:59] throughput=3.54 Gb/s  conns_total=160  conns_active=160
[11:53:01] throughput=3.61 Gb/s  conns_total=160  conns_active=160
[11:53:03] throughput=3.59 Gb/s  conns_total=160  conns_active=160
[11:53:05] throughput=3.56 Gb/s  conns_total=160  conns_active=160
[11:53:07] throughput=3.53 Gb/s  conns_total=160  conns_active=160
[11:53:09] throughput=3.55 Gb/s  conns_total=160  conns_active=160
[11:53:11] throughput=3.50 Gb/s  conns_total=160  conns_active=160
[11:53:13] throughput=3.46 Gb/s  conns_total=160  conns_active=160
[11:53:15] throughput=3.56 Gb/s  conns_total=160  conns_active=160
[11:53:17] throughput=3.51 Gb/s  conns_total=160  conns_active=160
[11:53:19] throughput=3.50 Gb/s  conns_total=160  conns_active=160
[11:53:21] throughput=3.52 Gb/s  conns_total=160  conns_active=160
[11:53:23] throughput=3.51 Gb/s  conns_total=160  conns_active=160
[11:53:25] throughput=3.57 Gb/s  conns_total=160  conns_active=160
[11:53:27] throughput=3.51 Gb/s  conns_total=160  conns_active=160
[11:53:29] throughput=3.38 Gb/s  conns_total=160  conns_active=160
[11:53:31] throughput=3.53 Gb/s  conns_total=160  conns_active=160
[11:53:33] throughput=3.54 Gb/s  conns_total=160  conns_active=160
[11:53:35] throughput=3.52 Gb/s  conns_total=160  conns_active=160
[11:53:37] throughput=3.47 Gb/s  conns_total=160  conns_active=160
[11:53:39] throughput=3.55 Gb/s  conns_total=160  conns_active=160
[11:53:41] throughput=3.47 Gb/s  conns_total=160  conns_active=160
[11:53:43] throughput=3.42 Gb/s  conns_total=160  conns_active=160
[11:53:45] throughput=3.53 Gb/s  conns_total=160  conns_active=160
[11:53:47] throughput=3.63 Gb/s  conns_total=160  conns_active=160
[11:53:49] throughput=3.57 Gb/s  conns_total=160  conns_active=160
[11:53:51] throughput=3.47 Gb/s  conns_total=160  conns_active=160
[11:53:53] throughput=3.45 Gb/s  conns_total=160  conns_active=160
[11:53:55] throughput=3.55 Gb/s  conns_total=160  conns_active=160
[11:53:57] throughput=3.55 Gb/s  conns_total=160  conns_active=160
[11:53:59] throughput=3.45 Gb/s  conns_total=160  conns_active=160
[11:54:01] throughput=3.51 Gb/s  conns_total=160  conns_active=160
[11:54:03] throughput=3.53 Gb/s  conns_total=160  conns_active=160
[11:54:05] throughput=3.50 Gb/s  conns_total=160  conns_active=160
[11:54:07] throughput=3.49 Gb/s  conns_total=160  conns_active=160
[11:54:09] throughput=3.53 Gb/s  conns_total=160  conns_active=160
[11:54:11] throughput=3.65 Gb/s  conns_total=160  conns_active=160
[11:54:13] throughput=3.48 Gb/s  conns_total=160  conns_active=160
[11:54:15] throughput=3.46 Gb/s  conns_total=160  conns_active=160
[11:54:17] throughput=3.41 Gb/s  conns_total=160  conns_active=160
[11:54:19] throughput=3.49 Gb/s  conns_total=160  conns_active=160
[11:54:21] throughput=3.47 Gb/s  conns_total=160  conns_active=160
[11:54:23] throughput=3.50 Gb/s  conns_total=160  conns_active=160
[11:54:25] throughput=3.64 Gb/s  conns_total=160  conns_active=160
[11:54:27] throughput=3.55 Gb/s  conns_total=160  conns_active=160
[11:54:29] throughput=3.53 Gb/s  conns_total=160  conns_active=160
[11:54:31] throughput=3.50 Gb/s  conns_total=160  conns_active=160
[11:54:33] throughput=3.53 Gb/s  conns_total=160  conns_active=160
[11:54:35] throughput=3.51 Gb/s  conns_total=160  conns_active=160
[11:54:37] throughput=3.49 Gb/s  conns_total=160  conns_active=160
[11:54:39] throughput=3.51 Gb/s  conns_total=160  conns_active=160
[11:54:41] throughput=3.47 Gb/s  conns_total=160  conns_active=160
[11:54:43] throughput=3.56 Gb/s  conns_total=160  conns_active=160
[11:54:45] throughput=3.52 Gb/s  conns_total=160  conns_active=160
[11:54:47] throughput=3.52 Gb/s  conns_total=160  conns_active=160
[11:54:49] throughput=3.52 Gb/s  conns_total=160  conns_active=160
[11:54:51] throughput=3.52 Gb/s  conns_total=160  conns_active=140
[11:54:53] throughput=3.96 Gb/s  conns_total=160  conns_active=92
[11:54:55] throughput=4.25 Gb/s  conns_total=200  conns_active=96
[11:54:57] throughput=4.36 Gb/s  conns_total=232  conns_active=104
[11:54:59] throughput=4.24 Gb/s  conns_total=268  conns_active=108
[11:55:01] throughput=4.27 Gb/s  conns_total=304  conns_active=144
[11:55:03] throughput=4.01 Gb/s  conns_total=312  conns_active=152
[11:55:05] throughput=3.74 Gb/s  conns_total=312  conns_active=152
[11:55:07] throughput=3.60 Gb/s  conns_total=312  conns_active=152
[11:55:09] throughput=3.86 Gb/s  conns_total=316  conns_active=156
[11:55:11] throughput=3.78 Gb/s  conns_total=320  conns_active=160
[11:55:13] throughput=3.61 Gb/s  conns_total=320  conns_active=160
[11:55:15] throughput=3.51 Gb/s  conns_total=320  conns_active=160
[11:55:17] throughput=3.58 Gb/s  conns_total=320  conns_active=160
