=== tcp-client-848f5d754b-7977w ===
[11:33:32] sending=523.46 Mb/s  conns=10
[11:33:34] sending=524.26 Mb/s  conns=10
[11:33:36] sending=522.15 Mb/s  conns=10
[11:33:38] sending=524.02 Mb/s  conns=10
[11:33:40] sending=524.05 Mb/s  conns=10
[11:33:42] sending=522.64 Mb/s  conns=10
[11:33:44] sending=523.71 Mb/s  conns=10
[11:33:46] sending=523.64 Mb/s  conns=10
[11:33:48] sending=524.41 Mb/s  conns=10
[11:33:50] sending=523.85 Mb/s  conns=10

=== tcp-client-848f5d754b-8vvsv ===
[11:33:33] sending=523.75 Mb/s  conns=10
[11:33:35] sending=524.14 Mb/s  conns=10
[11:33:37] sending=523.82 Mb/s  conns=10
[11:33:39] sending=524.15 Mb/s  conns=10
[11:33:41] sending=522.59 Mb/s  conns=10
[11:33:43] sending=523.19 Mb/s  conns=10
[11:33:45] sending=523.53 Mb/s  conns=10
[11:33:47] sending=523.60 Mb/s  conns=10
[11:33:49] sending=523.99 Mb/s  conns=10
[11:33:51] sending=523.77 Mb/s  conns=10

=== tcp-client-848f5d754b-99zb7 ===
[11:33:35] sending=523.52 Mb/s  conns=10
[11:33:37] sending=522.89 Mb/s  conns=10
[11:33:39] sending=522.23 Mb/s  conns=10
[11:33:41] sending=523.64 Mb/s  conns=10
[11:33:43] sending=523.50 Mb/s  conns=10
[11:33:45] sending=523.01 Mb/s  conns=10
[11:33:47] sending=523.72 Mb/s  conns=10
[11:33:49] sending=523.79 Mb/s  conns=10
[11:33:51] sending=523.60 Mb/s  conns=10
[11:33:53] sending=523.41 Mb/s  conns=10

=== tcp-client-848f5d754b-bt9hc ===
[11:33:36] sending=524.59 Mb/s  conns=10
[11:33:38] sending=520.54 Mb/s  conns=10
[11:33:40] sending=522.17 Mb/s  conns=10
[11:33:42] sending=524.30 Mb/s  conns=10
[11:33:44] sending=523.30 Mb/s  conns=10
[11:33:46] sending=524.56 Mb/s  conns=10
[11:33:48] sending=524.04 Mb/s  conns=10
[11:33:50] sending=522.64 Mb/s  conns=10
[11:33:52] sending=522.03 Mb/s  conns=10
[11:33:54] sending=523.58 Mb/s  conns=10

=== tcp-client-848f5d754b-f8zbn ===
[11:33:36] sending=523.89 Mb/s  conns=10
[11:33:38] sending=523.10 Mb/s  conns=10
[11:33:40] sending=523.84 Mb/s  conns=10
[11:33:42] sending=524.45 Mb/s  conns=10
[11:33:44] sending=518.75 Mb/s  conns=10
[11:33:46] sending=522.88 Mb/s  conns=10
[11:33:48] sending=523.67 Mb/s  conns=10
[11:33:50] sending=524.36 Mb/s  conns=10
[11:33:52] sending=524.17 Mb/s  conns=10
[11:33:54] sending=524.24 Mb/s  conns=10

=== tcp-client-848f5d754b-j97jt ===
[11:33:37] sending=524.15 Mb/s  conns=10
[11:33:39] sending=523.69 Mb/s  conns=10
[11:33:41] sending=524.46 Mb/s  conns=10
[11:33:43] sending=522.29 Mb/s  conns=10
[11:33:45] sending=524.12 Mb/s  conns=10
[11:33:47] sending=524.18 Mb/s  conns=10
[11:33:49] sending=521.87 Mb/s  conns=10
[11:33:51] sending=523.84 Mb/s  conns=10
[11:33:53] sending=523.76 Mb/s  conns=10
[11:33:55] sending=523.38 Mb/s  conns=10

=== tcp-client-848f5d754b-ld6g6 ===
[11:33:39] sending=523.94 Mb/s  conns=10
[11:33:41] sending=523.30 Mb/s  conns=10
[11:33:43] sending=523.63 Mb/s  conns=10
[11:33:45] sending=522.97 Mb/s  conns=10
[11:33:47] sending=523.64 Mb/s  conns=10
[11:33:49] sending=522.84 Mb/s  conns=10
[11:33:51] sending=524.37 Mb/s  conns=10
[11:33:53] sending=524.11 Mb/s  conns=10
[11:33:55] sending=523.70 Mb/s  conns=10
[11:33:57] sending=522.57 Mb/s  conns=10

=== tcp-client-848f5d754b-m2vms ===
[11:33:38] sending=523.19 Mb/s  conns=10
[11:33:40] sending=523.79 Mb/s  conns=10
[11:33:42] sending=523.74 Mb/s  conns=10
[11:33:44] sending=523.33 Mb/s  conns=10
[11:33:46] sending=523.43 Mb/s  conns=10
[11:33:48] sending=523.45 Mb/s  conns=10
[11:33:50] sending=523.79 Mb/s  conns=10
[11:33:52] sending=519.80 Mb/s  conns=10
[11:33:54] sending=522.37 Mb/s  conns=10
[11:33:56] sending=524.47 Mb/s  conns=10

=== tcp-client-848f5d754b-rmfrb ===
[11:33:38] sending=523.78 Mb/s  conns=10
[11:33:40] sending=524.36 Mb/s  conns=10
[11:33:42] sending=522.32 Mb/s  conns=10
[11:33:44] sending=524.10 Mb/s  conns=10
[11:33:46] sending=524.02 Mb/s  conns=10
[11:33:48] sending=523.81 Mb/s  conns=10
[11:33:50] sending=524.29 Mb/s  conns=10
[11:33:52] sending=522.19 Mb/s  conns=10
[11:33:54] sending=520.88 Mb/s  conns=10
[11:33:56] sending=524.45 Mb/s  conns=10

=== tcp-client-848f5d754b-sdh6w ===
[11:33:39] sending=523.96 Mb/s  conns=10
[11:33:41] sending=523.86 Mb/s  conns=10
[11:33:43] sending=524.23 Mb/s  conns=10
[11:33:45] sending=524.21 Mb/s  conns=10
[11:33:47] sending=524.27 Mb/s  conns=10
[11:33:49] sending=523.72 Mb/s  conns=10
[11:33:51] sending=523.54 Mb/s  conns=10
[11:33:53] sending=524.19 Mb/s  conns=10
[11:33:55] sending=521.06 Mb/s  conns=10
[11:33:57] sending=522.43 Mb/s  conns=10

=== tcp-client-848f5d754b-wm6cc ===
[11:33:40] sending=523.99 Mb/s  conns=10
[11:33:42] sending=524.22 Mb/s  conns=10
[11:33:44] sending=522.47 Mb/s  conns=10
[11:33:46] sending=524.28 Mb/s  conns=10
[11:33:48] sending=524.06 Mb/s  conns=10
[11:33:50] sending=523.42 Mb/s  conns=10
[11:33:52] sending=523.61 Mb/s  conns=10
[11:33:54] sending=524.45 Mb/s  conns=10
[11:33:56] sending=523.03 Mb/s  conns=10
[11:33:58] sending=520.98 Mb/s  conns=10

=== tcp-client-848f5d754b-zcxj8 ===
[11:33:40] sending=523.60 Mb/s  conns=10
[11:33:42] sending=524.37 Mb/s  conns=10
[11:33:44] sending=522.42 Mb/s  conns=10
[11:33:46] sending=524.51 Mb/s  conns=10
[11:33:48] sending=523.87 Mb/s  conns=10
[11:33:50] sending=523.50 Mb/s  conns=10
[11:33:52] sending=522.80 Mb/s  conns=10
[11:33:54] sending=523.11 Mb/s  conns=10
[11:33:56] sending=524.21 Mb/s  conns=10
[11:33:58] sending=524.42 Mb/s  conns=10

