=== tcp-client-848f5d754b-6r5qb ===
[11:33:47] sending=520.76 Mb/s  conns=10
[11:33:49] sending=520.86 Mb/s  conns=10
[11:33:51] sending=521.80 Mb/s  conns=10
[11:33:53] sending=521.04 Mb/s  conns=10
[11:33:55] sending=519.87 Mb/s  conns=10
[11:33:57] sending=520.72 Mb/s  conns=10
[11:33:59] sending=521.40 Mb/s  conns=10
[11:34:01] sending=520.83 Mb/s  conns=10
[11:34:03] sending=518.39 Mb/s  conns=10
[11:34:05] sending=518.99 Mb/s  conns=10

=== tcp-client-848f5d754b-727nx ===
[11:33:47] sending=521.93 Mb/s  conns=10
[11:33:49] sending=522.23 Mb/s  conns=10
[11:33:51] sending=521.01 Mb/s  conns=10
[11:33:53] sending=521.25 Mb/s  conns=10
[11:33:55] sending=523.20 Mb/s  conns=10
[11:33:57] sending=523.67 Mb/s  conns=10
[11:33:59] sending=521.77 Mb/s  conns=10
[11:34:01] sending=521.79 Mb/s  conns=10
[11:34:03] sending=519.48 Mb/s  conns=10
[11:34:05] sending=519.52 Mb/s  conns=10

=== tcp-client-848f5d754b-994hn ===
[11:33:49] sending=520.40 Mb/s  conns=10
[11:33:51] sending=519.21 Mb/s  conns=10
[11:33:53] sending=520.51 Mb/s  conns=10
[11:33:55] sending=522.07 Mb/s  conns=10
[11:33:57] sending=522.74 Mb/s  conns=10
[11:33:59] sending=521.17 Mb/s  conns=10
[11:34:01] sending=522.15 Mb/s  conns=10
[11:34:03] sending=520.37 Mb/s  conns=10
[11:34:05] sending=523.85 Mb/s  conns=10
[11:34:07] sending=519.27 Mb/s  conns=10

=== tcp-client-848f5d754b-bnmwk ===
[11:33:50] sending=514.34 Mb/s  conns=10
[11:33:52] sending=522.24 Mb/s  conns=10
[11:33:54] sending=519.71 Mb/s  conns=10
[11:33:56] sending=521.01 Mb/s  conns=10
[11:33:58] sending=523.05 Mb/s  conns=10
[11:34:00] sending=521.27 Mb/s  conns=10
[11:34:02] sending=522.65 Mb/s  conns=10
[11:34:04] sending=519.44 Mb/s  conns=10
[11:34:06] sending=521.99 Mb/s  conns=10
[11:34:08] sending=521.06 Mb/s  conns=10

=== tcp-client-848f5d754b-bwskp ===
[11:33:52] sending=521.98 Mb/s  conns=10
[11:33:54] sending=521.69 Mb/s  conns=10
[11:33:56] sending=519.19 Mb/s  conns=10
[11:33:58] sending=523.58 Mb/s  conns=10
[11:34:00] sending=521.55 Mb/s  conns=10
[11:34:02] sending=519.92 Mb/s  conns=10
[11:34:04] sending=522.50 Mb/s  conns=10
[11:34:06] sending=522.55 Mb/s  conns=10
[11:34:08] sending=518.20 Mb/s  conns=10
[11:34:10] sending=520.19 Mb/s  conns=10

=== tcp-client-848f5d754b-gntbl ===
[11:33:53] sending=524.19 Mb/s  conns=10
[11:33:55] sending=517.99 Mb/s  conns=10
[11:33:57] sending=521.65 Mb/s  conns=10
[11:33:59] sending=522.49 Mb/s  conns=10
[11:34:01] sending=519.98 Mb/s  conns=10
[11:34:03] sending=522.10 Mb/s  conns=10
[11:34:05] sending=523.69 Mb/s  conns=10
[11:34:07] sending=521.83 Mb/s  conns=10
[11:34:09] sending=518.29 Mb/s  conns=10
[11:34:11] sending=522.17 Mb/s  conns=10

=== tcp-client-848f5d754b-kvg49 ===
[11:33:55] sending=522.07 Mb/s  conns=10
[11:33:57] sending=521.67 Mb/s  conns=10
[11:33:59] sending=522.20 Mb/s  conns=10
[11:34:01] sending=522.53 Mb/s  conns=10
[11:34:03] sending=520.72 Mb/s  conns=10
[11:34:05] sending=521.77 Mb/s  conns=10
[11:34:07] sending=522.18 Mb/s  conns=10
[11:34:09] sending=519.88 Mb/s  conns=10
[11:34:11] sending=519.80 Mb/s  conns=10
[11:34:13] sending=522.45 Mb/s  conns=10

=== tcp-client-848f5d754b-kvzmr ===
[11:33:55] sending=521.02 Mb/s  conns=10
[11:33:57] sending=518.54 Mb/s  conns=10
[11:33:59] sending=523.17 Mb/s  conns=10
[11:34:01] sending=515.36 Mb/s  conns=10
[11:34:03] sending=521.70 Mb/s  conns=10
[11:34:05] sending=520.37 Mb/s  conns=10
[11:34:07] sending=520.28 Mb/s  conns=10
[11:34:09] sending=520.11 Mb/s  conns=10
[11:34:11] sending=521.15 Mb/s  conns=10
[11:34:13] sending=522.31 Mb/s  conns=10

=== tcp-client-848f5d754b-l4kcs ===
[11:33:57] sending=521.64 Mb/s  conns=10
[11:33:59] sending=522.16 Mb/s  conns=10
[11:34:01] sending=521.39 Mb/s  conns=10
[11:34:03] sending=522.18 Mb/s  conns=10
[11:34:05] sending=522.17 Mb/s  conns=10
[11:34:07] sending=522.21 Mb/s  conns=10
[11:34:09] sending=522.53 Mb/s  conns=10
[11:34:11] sending=522.44 Mb/s  conns=10
[11:34:13] sending=522.17 Mb/s  conns=10
[11:34:15] sending=522.37 Mb/s  conns=10

=== tcp-client-848f5d754b-mvzcj ===
[11:33:57] sending=519.23 Mb/s  conns=10
[11:33:59] sending=520.13 Mb/s  conns=10
[11:34:01] sending=519.17 Mb/s  conns=10
[11:34:03] sending=520.27 Mb/s  conns=10
[11:34:05] sending=522.24 Mb/s  conns=10
[11:34:07] sending=515.94 Mb/s  conns=10
[11:34:09] sending=520.46 Mb/s  conns=10
[11:34:11] sending=518.91 Mb/s  conns=10
[11:34:13] sending=522.38 Mb/s  conns=10
[11:34:15] sending=520.15 Mb/s  conns=10

=== tcp-client-848f5d754b-p7h9l ===
[11:33:57] sending=520.49 Mb/s  conns=10
[11:33:59] sending=520.60 Mb/s  conns=10
[11:34:01] sending=521.57 Mb/s  conns=10
[11:34:03] sending=522.65 Mb/s  conns=10
[11:34:05] sending=520.69 Mb/s  conns=10
[11:34:07] sending=519.48 Mb/s  conns=10
[11:34:09] sending=521.82 Mb/s  conns=10
[11:34:11] sending=521.06 Mb/s  conns=10
[11:34:13] sending=522.55 Mb/s  conns=10
[11:34:15] sending=519.38 Mb/s  conns=10

=== tcp-client-848f5d754b-sqpdd ===
[11:33:58] sending=521.90 Mb/s  conns=10
[11:34:00] sending=522.56 Mb/s  conns=10
[11:34:02] sending=521.72 Mb/s  conns=10
[11:34:04] sending=520.37 Mb/s  conns=10
[11:34:06] sending=522.70 Mb/s  conns=10
[11:34:08] sending=520.34 Mb/s  conns=10
[11:34:10] sending=518.95 Mb/s  conns=10
[11:34:12] sending=523.67 Mb/s  conns=10
[11:34:14] sending=522.92 Mb/s  conns=10
[11:34:16] sending=523.53 Mb/s  conns=10

